#
# There is insufficient memory for the Java Runtime Environment to continue.
# Native memory allocation (malloc) failed to allocate 1022176 bytes for Chunk::new
# Possible reasons:
#   The system is out of physical RAM or swap space
#   In 32 bit mode, the process size limit was hit
# Possible solutions:
#   Reduce memory load on the system
#   Increase physical memory or swap space
#   Check if swap backing store is full
#   Use 64 bit Java on a 64 bit OS
#   Decrease Java heap size (-Xmx/-Xms)
#   Decrease number of Java threads
#   Decrease Java thread stack sizes (-Xss)
#   Set larger code cache with -XX:ReservedCodeCacheSize=
# This output file may be truncated or incomplete.
#
#  Out of Memory Error (allocation.cpp:388), pid=7648, tid=7872
#
# JRE version: Java(TM) SE Runtime Environment (8.0_11-b12) (build 1.8.0_11-b12)
# Java VM: Java HotSpot(TM) 64-Bit Server VM (25.11-b03 mixed mode windows-amd64 compressed oops)
# Failed to write core dump. Minidumps are not enabled by default on client versions of Windows
#

---------------  T H R E A D  ---------------

Current thread (0x000000001c2f1000):  JavaThread "C2 CompilerThread1" daemon [_thread_in_native, id=7872, stack(0x000000001c960000,0x000000001ca60000)]

Stack: [0x000000001c960000,0x000000001ca60000]
Native frames: (J=compiled Java code, j=interpreted, Vv=VM code, C=native code)
V  [jvm.dll+0x308eca]
V  [jvm.dll+0x25e121]
V  [jvm.dll+0x25ed33]
V  [jvm.dll+0x256705]
V  [jvm.dll+0xbd2b5]
V  [jvm.dll+0xbd75c]
V  [jvm.dll+0x44d772]
V  [jvm.dll+0x48e3cf]
V  [jvm.dll+0x44266b]
V  [jvm.dll+0x4439eb]
V  [jvm.dll+0x427722]
V  [jvm.dll+0x96982]
V  [jvm.dll+0x97173]
V  [jvm.dll+0x2234b4]
V  [jvm.dll+0x27bcca]
C  [msvcr100.dll+0x21d9f]
C  [msvcr100.dll+0x21e3b]
C  [KERNEL32.DLL+0x11fe4]
C  [ntdll.dll+0x6ef91]


Current CompileTask:
C2:   8497 2631       4       com.android.dx.ssa.PhiTypeResolver::run (179 bytes)


---------------  P R O C E S S  ---------------

Java Threads: ( => current thread )
  0x000000001d2e9000 JavaThread "pool-2-thread-4" [_thread_blocked, id=3576, stack(0x000000001ea30000,0x000000001eb30000)]
  0x000000001d7e1800 JavaThread "pool-2-thread-3" [_thread_blocked, id=10244, stack(0x000000001e930000,0x000000001ea30000)]
  0x000000001d2e8000 JavaThread "pool-2-thread-2" [_thread_blocked, id=10772, stack(0x000000001e830000,0x000000001e930000)]
  0x000000001d620000 JavaThread "pool-3-thread-1" [_thread_blocked, id=32, stack(0x000000001e730000,0x000000001e830000)]
  0x000000001d61d800 JavaThread "pool-2-thread-1" [_thread_in_Java, id=6032, stack(0x000000001e630000,0x000000001e730000)]
  0x000000001c37e800 JavaThread "Service Thread" daemon [_thread_blocked, id=10952, stack(0x000000001cc60000,0x000000001cd60000)]
  0x000000001c2f0000 JavaThread "C1 CompilerThread3" daemon [_thread_blocked, id=1852, stack(0x000000001cb60000,0x000000001cc60000)]
  0x000000001c2f1800 JavaThread "C2 CompilerThread2" daemon [_thread_in_native, id=8420, stack(0x000000001ca60000,0x000000001cb60000)]
=>0x000000001c2f1000 JavaThread "C2 CompilerThread1" daemon [_thread_in_native, id=7872, stack(0x000000001c960000,0x000000001ca60000)]
  0x000000001c2ea000 JavaThread "C2 CompilerThread0" daemon [_thread_in_native, id=6408, stack(0x000000001c860000,0x000000001c960000)]
  0x000000001c29e000 JavaThread "Attach Listener" daemon [_thread_blocked, id=6700, stack(0x000000001c760000,0x000000001c860000)]
  0x000000001c29d000 JavaThread "Signal Dispatcher" daemon [_thread_blocked, id=12380, stack(0x000000001c660000,0x000000001c760000)]
  0x00000000051d7800 JavaThread "Finalizer" daemon [_thread_blocked, id=13468, stack(0x000000001c150000,0x000000001c250000)]
  0x000000001a24c800 JavaThread "Reference Handler" daemon [_thread_blocked, id=13076, stack(0x000000001c050000,0x000000001c150000)]
  0x00000000050de000 JavaThread "main" [_thread_blocked, id=13288, stack(0x0000000004f80000,0x0000000005080000)]

Other Threads:
  0x000000001a248800 VMThread [stack: 0x000000001bf50000,0x000000001c050000] [id=732]
  0x000000001c387800 WatcherThread [stack: 0x000000001cd60000,0x000000001ce60000] [id=7360]

VM state:not at safepoint (normal execution)

VM Mutex/Monitor currently owned by a thread: None

Heap:
 PSYoungGen      total 259584K, used 162245K [0x00000000d5580000, 0x00000000e7680000, 0x0000000100000000)
  eden space 226304K, 71% used [0x00000000d5580000,0x00000000df3f1698,0x00000000e3280000)
  from space 33280K, 0% used [0x00000000e3280000,0x00000000e3280000,0x00000000e5300000)
  to   space 30208K, 0% used [0x00000000e5300000,0x00000000e5300000,0x00000000e7080000)
 ParOldGen       total 192512K, used 192461K [0x0000000080000000, 0x000000008bc00000, 0x00000000d5580000)
  object space 192512K, 99% used [0x0000000080000000,0x000000008bbf3798,0x000000008bc00000)
 Metaspace       used 6322K, capacity 7128K, committed 7424K, reserved 1056768K
  class space    used 620K, capacity 656K, committed 768K, reserved 1048576K

Card table byte_map: [0x00000000145a0000,0x00000000149b0000] byte_map_base: 0x00000000141a0000

Marking Bits: (ParMarkBitMap*) 0x0000000050a212b0
 Begin Bits: [0x0000000015460000, 0x0000000017460000)
 End Bits:   [0x0000000017460000, 0x0000000019460000)

Polling page: 0x0000000002f30000

CodeCache: size=245760Kb used=10400Kb max_used=10409Kb free=235359Kb
 bounds [0x00000000051e0000, 0x0000000005c20000, 0x00000000141e0000]
 total_blobs=2728 nmethods=2460 adapters=181
 compilation: enabled

Compilation events (10 events):
Event: 5.928 Thread 0x000000001c2f0000 2650 %     3       com.android.dx.ssa.PhiInsn::updateSourcesToDefinitions @ 8 (68 bytes)
Event: 5.929 Thread 0x000000001c2f1000 nmethod 2603 0x0000000005bedf50 code [0x0000000005bee300, 0x0000000005bf1800]
Event: 5.930 Thread 0x000000001c2f0000 nmethod 2650% 0x0000000005bc3e50 code [0x0000000005bc4060, 0x0000000005bc4c28]
Event: 5.931 Thread 0x000000001c2f1000 2623       4       com.android.dx.rop.cst.CstString::stringToUtf8Bytes (175 bytes)
Event: 5.941 Thread 0x000000001c2f1000 nmethod 2623 0x0000000005bb8b50 code [0x0000000005bb8ca0, 0x0000000005bb9398]
Event: 5.941 Thread 0x000000001c2f1000 2631       4       com.android.dx.ssa.PhiTypeResolver::run (179 bytes)
Event: 8.204 Thread 0x000000001c2ea000 nmethod 2492 0x0000000005c01010 code [0x0000000005c016e0, 0x0000000005c07c28]
Event: 8.205 Thread 0x000000001c2ea000 2624       4       com.android.dx.ssa.SsaMethod::getCountReachableBlocks (44 bytes)
Event: 8.208 Thread 0x000000001c2ea000 nmethod 2624 0x0000000005c008d0 code [0x0000000005c00a20, 0x0000000005c00c88]
Event: 8.208 Thread 0x000000001c2ea000 2626       4       com.android.dx.ssa.SsaMethod::makeExitBlock (134 bytes)

GC Heap History (10 events):
Event: 3.463 GC heap before
{Heap before GC invocations=28 (full 1):
 PSYoungGen      total 256512K, used 238002K [0x00000000d5580000, 0x00000000e7680000, 0x0000000100000000)
  eden space 226304K, 100% used [0x00000000d5580000,0x00000000e3280000,0x00000000e3280000)
  from space 30208K, 38% used [0x00000000e5300000,0x00000000e5e6ca18,0x00000000e7080000)
  to   space 33280K, 0% used [0x00000000e3280000,0x00000000e3280000,0x00000000e5300000)
 ParOldGen       total 152064K, used 125405K [0x0000000080000000, 0x0000000089480000, 0x00000000d5580000)
  object space 152064K, 82% used [0x0000000080000000,0x0000000087a77608,0x0000000089480000)
 Metaspace       used 6319K, capacity 7128K, committed 7424K, reserved 1056768K
  class space    used 620K, capacity 656K, committed 768K, reserved 1048576K
Event: 3.525 GC heap after
Heap after GC invocations=28 (full 1):
 PSYoungGen      total 259584K, used 33266K [0x00000000d5580000, 0x00000000e7680000, 0x0000000100000000)
  eden space 226304K, 0% used [0x00000000d5580000,0x00000000d5580000,0x00000000e3280000)
  from space 33280K, 99% used [0x00000000e3280000,0x00000000e52fc998,0x00000000e5300000)
  to   space 30208K, 0% used [0x00000000e5300000,0x00000000e5300000,0x00000000e7080000)
 ParOldGen       total 152064K, used 138558K [0x0000000080000000, 0x0000000089480000, 0x00000000d5580000)
  object space 152064K, 91% used [0x0000000080000000,0x000000008874faf8,0x0000000089480000)
 Metaspace       used 6319K, capacity 7128K, committed 7424K, reserved 1056768K
  class space    used 620K, capacity 656K, committed 768K, reserved 1048576K
}
Event: 3.525 GC heap before
{Heap before GC invocations=29 (full 2):
 PSYoungGen      total 259584K, used 33266K [0x00000000d5580000, 0x00000000e7680000, 0x0000000100000000)
  eden space 226304K, 0% used [0x00000000d5580000,0x00000000d5580000,0x00000000e3280000)
  from space 33280K, 99% used [0x00000000e3280000,0x00000000e52fc998,0x00000000e5300000)
  to   space 30208K, 0% used [0x00000000e5300000,0x00000000e5300000,0x00000000e7080000)
 ParOldGen       total 152064K, used 138558K [0x0000000080000000, 0x0000000089480000, 0x00000000d5580000)
  object space 152064K, 91% used [0x0000000080000000,0x000000008874faf8,0x0000000089480000)
 Metaspace       used 6319K, capacity 7128K, committed 7424K, reserved 1056768K
  class space    used 620K, capacity 656K, committed 768K, reserved 1048576K
Event: 4.189 GC heap after
Heap after GC invocations=29 (full 2):
 PSYoungGen      total 259584K, used 18344K [0x00000000d5580000, 0x00000000e7680000, 0x0000000100000000)
  eden space 226304K, 0% used [0x00000000d5580000,0x00000000d5580000,0x00000000e3280000)
  from space 33280K, 55% used [0x00000000e3280000,0x00000000e446a388,0x00000000e5300000)
  to   space 30208K, 0% used [0x00000000e5300000,0x00000000e5300000,0x00000000e7080000)
 ParOldGen       total 152064K, used 151810K [0x0000000080000000, 0x0000000089480000, 0x00000000d5580000)
  object space 152064K, 99% used [0x0000000080000000,0x0000000089440a48,0x0000000089480000)
 Metaspace       used 6319K, capacity 7128K, committed 7424K, reserved 1056768K
  class space    used 620K, capacity 656K, committed 768K, reserved 1048576K
}
Event: 4.535 GC heap before
{Heap before GC invocations=30 (full 3):
 PSYoungGen      total 259584K, used 244648K [0x00000000d5580000, 0x00000000e7680000, 0x0000000100000000)
  eden space 226304K, 100% used [0x00000000d5580000,0x00000000e3280000,0x00000000e3280000)
  from space 33280K, 55% used [0x00000000e3280000,0x00000000e446a388,0x00000000e5300000)
  to   space 30208K, 0% used [0x00000000e5300000,0x00000000e5300000,0x00000000e7080000)
 ParOldGen       total 152064K, used 151810K [0x0000000080000000, 0x0000000089480000, 0x00000000d5580000)
  object space 152064K, 99% used [0x0000000080000000,0x0000000089440a48,0x0000000089480000)
 Metaspace       used 6320K, capacity 7128K, committed 7424K, reserved 1056768K
  class space    used 620K, capacity 656K, committed 768K, reserved 1048576K
Event: 5.696 GC heap after
Heap after GC invocations=30 (full 3):
 PSYoungGen      total 259584K, used 56598K [0x00000000d5580000, 0x00000000e7680000, 0x0000000100000000)
  eden space 226304K, 25% used [0x00000000d5580000,0x00000000d8cc5a78,0x00000000e3280000)
  from space 33280K, 0% used [0x00000000e3280000,0x00000000e3280000,0x00000000e5300000)
  to   space 30208K, 0% used [0x00000000e5300000,0x00000000e5300000,0x00000000e7080000)
 ParOldGen       total 181248K, used 152055K [0x0000000080000000, 0x000000008b100000, 0x00000000d5580000)
  object space 181248K, 83% used [0x0000000080000000,0x000000008947deb0,0x000000008b100000)
 Metaspace       used 6320K, capacity 7128K, committed 7424K, reserved 1056768K
  class space    used 620K, capacity 656K, committed 768K, reserved 1048576K
}
Event: 5.954 GC heap before
{Heap before GC invocations=31 (full 3):
 PSYoungGen      total 259584K, used 226304K [0x00000000d5580000, 0x00000000e7680000, 0x0000000100000000)
  eden space 226304K, 100% used [0x00000000d5580000,0x00000000e3280000,0x00000000e3280000)
  from space 33280K, 0% used [0x00000000e3280000,0x00000000e3280000,0x00000000e5300000)
  to   space 30208K, 0% used [0x00000000e5300000,0x00000000e5300000,0x00000000e7080000)
 ParOldGen       total 181248K, used 152055K [0x0000000080000000, 0x000000008b100000, 0x00000000d5580000)
  object space 181248K, 83% used [0x0000000080000000,0x000000008947deb0,0x000000008b100000)
 Metaspace       used 6322K, capacity 7128K, committed 7424K, reserved 1056768K
  class space    used 620K, capacity 656K, committed 768K, reserved 1048576K
Event: 6.789 GC heap after
Heap after GC invocations=31 (full 3):
 PSYoungGen      total 259584K, used 226304K [0x00000000d5580000, 0x00000000e7680000, 0x0000000100000000)
  eden space 226304K, 100% used [0x00000000d5580000,0x00000000e3280000,0x00000000e3280000)
  from space 33280K, 0% used [0x00000000e3280000,0x00000000e3280000,0x00000000e5300000)
  to   space 30208K, 99% used [0x00000000e5300000,0x00000000e707ac98,0x00000000e7080000)
 ParOldGen       total 192512K, used 192504K [0x0000000080000000, 0x000000008bc00000, 0x00000000d5580000)
  object space 192512K, 99% used [0x0000000080000000,0x000000008bbfe398,0x000000008bc00000)
 Metaspace       used 6322K, capacity 7128K, committed 7424K, reserved 1056768K
  class space    used 620K, capacity 656K, committed 768K, reserved 1048576K
}
Event: 6.789 GC heap before
{Heap before GC invocations=32 (full 4):
 PSYoungGen      total 259584K, used 226304K [0x00000000d5580000, 0x00000000e7680000, 0x0000000100000000)
  eden space 226304K, 100% used [0x00000000d5580000,0x00000000e3280000,0x00000000e3280000)
  from space 33280K, 0% used [0x00000000e3280000,0x00000000e3280000,0x00000000e5300000)
  to   space 30208K, 99% used [0x00000000e5300000,0x00000000e707ac98,0x00000000e7080000)
 ParOldGen       total 192512K, used 192504K [0x0000000080000000, 0x000000008bc00000, 0x00000000d5580000)
  object space 192512K, 99% used [0x0000000080000000,0x000000008bbfe398,0x000000008bc00000)
 Metaspace       used 6322K, capacity 7128K, committed 7424K, reserved 1056768K
  class space    used 620K, capacity 656K, committed 768K, reserved 1048576K
Event: 8.193 GC heap after
Heap after GC invocations=32 (full 4):
 PSYoungGen      total 259584K, used 42767K [0x00000000d5580000, 0x00000000e7680000, 0x0000000100000000)
  eden space 226304K, 18% used [0x00000000d5580000,0x00000000d7f43d58,0x00000000e3280000)
  from space 33280K, 0% used [0x00000000e3280000,0x00000000e3280000,0x00000000e5300000)
  to   space 30208K, 0% used [0x00000000e5300000,0x00000000e5300000,0x00000000e7080000)
 ParOldGen       total 192512K, used 192461K [0x0000000080000000, 0x000000008bc00000, 0x00000000d5580000)
  object space 192512K, 99% used [0x0000000080000000,0x000000008bbf3798,0x000000008bc00000)
 Metaspace       used 6322K, capacity 7128K, committed 7424K, reserved 1056768K
  class space    used 620K, capacity 656K, committed 768K, reserved 1048576K
}

Deoptimization events (10 events):
Event: 1.932 Thread 0x000000001d61d800 Uncommon trap: reason=bimorphic action=maybe_recompile pc=0x00000000059edb80 method=com.android.dx.cf.code.BytecodeArray.parseInstruction(ILcom/android/dx/cf/code/BytecodeArray$Visitor;)I @ 2135
Event: 1.932 Thread 0x000000001d61d800 Uncommon trap: reason=bimorphic action=maybe_recompile pc=0x00000000059edb80 method=com.android.dx.cf.code.BytecodeArray.parseInstruction(ILcom/android/dx/cf/code/BytecodeArray$Visitor;)I @ 2135
Event: 1.957 Thread 0x000000001d2e8000 Uncommon trap: reason=bimorphic action=maybe_recompile pc=0x0000000005a39008 method=com.android.dx.rop.code.RegisterSpec.withSimpleType()Lcom/android/dx/rop/code/RegisterSpec; @ 21
Event: 2.038 Thread 0x000000001d7e1800 Uncommon trap: reason=bimorphic action=maybe_recompile pc=0x0000000005a39008 method=com.android.dx.rop.code.RegisterSpec.withSimpleType()Lcom/android/dx/rop/code/RegisterSpec; @ 21
Event: 2.043 Thread 0x000000001d2e8000 Uncommon trap: reason=bimorphic action=maybe_recompile pc=0x0000000005a39008 method=com.android.dx.rop.code.RegisterSpec.withSimpleType()Lcom/android/dx/rop/code/RegisterSpec; @ 21
Event: 2.049 Thread 0x000000001d7e1800 Uncommon trap: reason=bimorphic action=maybe_recompile pc=0x0000000005a39008 method=com.android.dx.rop.code.RegisterSpec.withSimpleType()Lcom/android/dx/rop/code/RegisterSpec; @ 21
Event: 3.127 Thread 0x000000001d7e1800 Uncommon trap: reason=bimorphic action=maybe_recompile pc=0x0000000005ad36ac method=com.android.dx.cf.code.BytecodeArray.parseInstruction(ILcom/android/dx/cf/code/BytecodeArray$Visitor;)I @ 891
Event: 3.127 Thread 0x000000001d7e1800 Uncommon trap: reason=bimorphic action=maybe_recompile pc=0x0000000005ad36ac method=com.android.dx.cf.code.BytecodeArray.parseInstruction(ILcom/android/dx/cf/code/BytecodeArray$Visitor;)I @ 891
Event: 3.151 Thread 0x00000000050de000 Uncommon trap: reason=null_check action=make_not_entrant pc=0x0000000005b24fac method=com.android.dx.cf.code.Ropper$CatchInfo.getSetup(Lcom/android/dx/rop/type/Type;)Lcom/android/dx/cf/code/Ropper$ExceptionHandlerSetup; @ 10
Event: 4.504 Thread 0x000000001d7e1800 Uncommon trap: reason=unreached action=reinterpret pc=0x0000000005b11ef8 method=com.android.dx.rop.code.RegisterSpec.intersect(Lcom/android/dx/rop/code/RegisterSpec;Z)Lcom/android/dx/rop/code/RegisterSpec; @ 59

Internal exceptions (10 events):
Event: 0.682 Thread 0x000000001d7e1800 Exception <a 'java/security/PrivilegedActionException'> (0x00000000d6fa3578) thrown at [C:\re\workspace\8-2-build-windows-amd64-cygwin\jdk8u11\648\hotspot\src\share\vm\prims\jvm.cpp, line 1248]
Event: 0.710 Thread 0x000000001d61d800 Implicit null exception at 0x000000000557c45d to 0x000000000557da55
Event: 0.770 Thread 0x000000001d61d800 Implicit null exception at 0x00000000055de3a8 to 0x00000000055de565
Event: 0.783 Thread 0x00000000050de000 Exception <a 'java/security/PrivilegedActionException'> (0x00000000d5b8fdc0) thrown at [C:\re\workspace\8-2-build-windows-amd64-cygwin\jdk8u11\648\hotspot\src\share\vm\prims\jvm.cpp, line 1248]
Event: 0.923 Thread 0x000000001d2e9000 Exception <a 'java/lang/ArrayIndexOutOfBoundsException': 18> (0x00000000d5bf4470) thrown at [C:\re\workspace\8-2-build-windows-amd64-cygwin\jdk8u11\648\hotspot\src\share\vm\interpreter\interpreterRuntime.cpp, line 337]
Event: 0.923 Thread 0x000000001d2e9000 Exception <a 'java/lang/ArrayIndexOutOfBoundsException': 145> (0x00000000d5bf5f08) thrown at [C:\re\workspace\8-2-build-windows-amd64-cygwin\jdk8u11\648\hotspot\src\share\vm\interpreter\interpreterRuntime.cpp, line 337]
Event: 0.924 Thread 0x000000001d2e9000 Exception <a 'java/lang/ArrayIndexOutOfBoundsException': 40> (0x00000000d5bf7120) thrown at [C:\re\workspace\8-2-build-windows-amd64-cygwin\jdk8u11\648\hotspot\src\share\vm\interpreter\interpreterRuntime.cpp, line 337]
Event: 1.150 Thread 0x000000001d2e9000 Exception <a 'java/security/PrivilegedActionException'> (0x00000000d7ea6950) thrown at [C:\re\workspace\8-2-build-windows-amd64-cygwin\jdk8u11\648\hotspot\src\share\vm\prims\jvm.cpp, line 1248]
Event: 2.374 Thread 0x00000000050de000 Exception <a 'java/security/PrivilegedActionException'> (0x00000000d9d85e40) thrown at [C:\re\workspace\8-2-build-windows-amd64-cygwin\jdk8u11\648\hotspot\src\share\vm\prims\jvm.cpp, line 1248]
Event: 3.151 Thread 0x00000000050de000 Implicit null exception at 0x0000000005b1e914 to 0x0000000005b24f65

Events (10 events):
Event: 5.918 Thread 0x000000001d2e8000 DEOPT PACKING pc=0x00000000057a8060 sp=0x000000001e92eb00
Event: 5.918 Thread 0x000000001d2e8000 DEOPT UNPACKING pc=0x0000000005227604 sp=0x000000001e92e930 mode 0
Event: 5.941 Thread 0x000000001d2e9000 DEOPT PACKING pc=0x000000000567a48c sp=0x000000001eb2e690
Event: 5.941 Thread 0x000000001d2e9000 DEOPT UNPACKING pc=0x0000000005227604 sp=0x000000001eb2e370 mode 0
Event: 5.953 Executing VM operation: ParallelGCFailedAllocation
Event: 8.193 Executing VM operation: ParallelGCFailedAllocation done
Event: 8.200 Thread 0x000000001d61d800 DEOPT PACKING pc=0x00000000057a8060 sp=0x000000001e72e830
Event: 8.200 Thread 0x000000001d61d800 DEOPT UNPACKING pc=0x0000000005227604 sp=0x000000001e72e660 mode 0
Event: 8.206 Thread 0x000000001d61d800 DEOPT PACKING pc=0x000000000567a48c sp=0x000000001e72e930
Event: 8.206 Thread 0x000000001d61d800 DEOPT UNPACKING pc=0x0000000005227604 sp=0x000000001e72e610 mode 0


Dynamic libraries:
0x00007ff6326b0000 - 0x00007ff6326e4000 	C:\Program Files\Java\jdk1.8.0_11\bin\java.exe
0x00007ff9c4fa0000 - 0x00007ff9c5180000 	C:\WINDOWS\SYSTEM32\ntdll.dll
0x00007ff9c2bb0000 - 0x00007ff9c2c5e000 	C:\WINDOWS\System32\KERNEL32.DLL
0x00007ff9c1e90000 - 0x00007ff9c20f6000 	C:\WINDOWS\System32\KERNELBASE.dll
0x00007ff9c2470000 - 0x00007ff9c2511000 	C:\WINDOWS\System32\ADVAPI32.dll
0x00007ff9c2840000 - 0x00007ff9c28dd000 	C:\WINDOWS\System32\msvcrt.dll
0x00007ff9c3630000 - 0x00007ff9c368b000 	C:\WINDOWS\System32\sechost.dll
0x00007ff9c26f0000 - 0x00007ff9c280f000 	C:\WINDOWS\System32\RPCRT4.dll
0x00007ff9c2c70000 - 0x00007ff9c2dff000 	C:\WINDOWS\System32\USER32.dll
0x00007ff9c22d0000 - 0x00007ff9c22f0000 	C:\WINDOWS\System32\win32u.dll
0x00007ff9c2520000 - 0x00007ff9c2548000 	C:\WINDOWS\System32\GDI32.dll
0x00007ff9c1ca0000 - 0x00007ff9c1e33000 	C:\WINDOWS\System32\gdi32full.dll
0x00007ff9c23d0000 - 0x00007ff9c246b000 	C:\WINDOWS\System32\msvcp_win.dll
0x00007ff9c1ba0000 - 0x00007ff9c1c96000 	C:\WINDOWS\System32\ucrtbase.dll
0x00007ff9b0750000 - 0x00007ff9b09b9000 	C:\WINDOWS\WinSxS\amd64_microsoft.windows.common-controls_6595b64144ccf1df_6.0.16299.125_none_15cbcf8893620c09\COMCTL32.dll
0x00007ff9c2e70000 - 0x00007ff9c3178000 	C:\WINDOWS\System32\combase.dll
0x00007ff9c22f0000 - 0x00007ff9c2362000 	C:\WINDOWS\System32\bcryptPrimitives.dll
0x00007ff9c2810000 - 0x00007ff9c283d000 	C:\WINDOWS\System32\IMM32.DLL
0x0000000050aa0000 - 0x0000000050b72000 	C:\Program Files\Java\jdk1.8.0_11\jre\bin\msvcr100.dll
0x0000000050270000 - 0x0000000050a9a000 	C:\Program Files\Java\jdk1.8.0_11\jre\bin\server\jvm.dll
0x00007ff9c38d0000 - 0x00007ff9c38d8000 	C:\WINDOWS\System32\PSAPI.DLL
0x00007ff9bf790000 - 0x00007ff9bf7b3000 	C:\WINDOWS\SYSTEM32\WINMM.dll
0x00007ff9bc3e0000 - 0x00007ff9bc3e9000 	C:\WINDOWS\SYSTEM32\WSOCK32.dll
0x00007ff9c2e00000 - 0x00007ff9c2e6c000 	C:\WINDOWS\System32\WS2_32.dll
0x00007ff9bf730000 - 0x00007ff9bf75a000 	C:\WINDOWS\SYSTEM32\winmmbase.dll
0x00007ff9c1e40000 - 0x00007ff9c1e8a000 	C:\WINDOWS\System32\cfgmgr32.dll
0x0000000052340000 - 0x000000005234f000 	C:\Program Files\Java\jdk1.8.0_11\jre\bin\verify.dll
0x0000000052310000 - 0x0000000052338000 	C:\Program Files\Java\jdk1.8.0_11\jre\bin\java.dll
0x0000000050220000 - 0x0000000050236000 	C:\Program Files\Java\jdk1.8.0_11\jre\bin\zip.dll
0x00007ff9c3b30000 - 0x00007ff9c4f66000 	C:\WINDOWS\System32\SHELL32.dll
0x00007ff9c37a0000 - 0x00007ff9c3846000 	C:\WINDOWS\System32\shcore.dll
0x00007ff9c13a0000 - 0x00007ff9c1ae7000 	C:\WINDOWS\System32\windows.storage.dll
0x00007ff9c3ad0000 - 0x00007ff9c3b21000 	C:\WINDOWS\System32\shlwapi.dll
0x00007ff9c1310000 - 0x00007ff9c1321000 	C:\WINDOWS\System32\kernel.appcore.dll
0x00007ff9c1350000 - 0x00007ff9c139c000 	C:\WINDOWS\System32\powrprof.dll
0x00007ff9c12f0000 - 0x00007ff9c130b000 	C:\WINDOWS\System32\profapi.dll
0x00007ff9b2780000 - 0x00007ff9b2948000 	C:\WINDOWS\SYSTEM32\dbghelp.dll

VM Arguments:
jvm_args: -Djava.awt.headless=true -Xmx2g -Dfile.encoding=GBK -Duser.country=CN -Duser.language=zh -Duser.variant 
java_command: com.android.dx.command.Main --dex --num-threads=4 --multi-dex --main-dex-list F:\github\CircleDemo\CircleDemo\app\build\intermediates\multi-dex\debug\maindexlist.txt --output F:\github\CircleDemo\CircleDemo\app\build\intermediates\transforms\dex\debug\folders\1000\1f\main F:\github\CircleDemo\CircleDemo\app\build\intermediates\transforms\jarMerging\debug\jars\1\1f\combined.jar
java_class_path (initial): D:\Android\sdk\build-tools\25.0.2\lib\dx.jar
Launcher Type: SUN_STANDARD

Environment Variables:
JAVA_HOME=C:\Program Files\Java\jdk1.8.0_11
CLASSPATH=.;C:\Program Files\Java\jdk1.8.0_11\lib\dt.jar;C:\Program Files\Java\jdk1.8.0_11\lib\tools.jar;CATALINE_HOME/bin/tomcat-juli.jar;
PATH=C:\Program Files\Microsoft MPI\Bin\;C:\Program Files (x86)\Common Files\NetSarang;C:\WINDOWS\system32;C:\WINDOWS;C:\WINDOWS\System32\Wbem;C:\WINDOWS\System32\WindowsPowerShell\v1.0\;C:\Program Files\Java\jdk1.8.0_11\bin;C:\Program Files\Java\jdk1.8.0_11\jre\bin;D:\Documents\Downloads\gradle-2.2.1-all\gradle-2.2.1\bin;C:\Program Files\TortoiseSVN\bin;D:\Program Files\maven\apache-maven-3.1.0\bin;D:\Program Files\mysql-5.6.17-winx64\bin;C:\Program Files\nodejs\;C:\Program Files\Git\cmd;C:\Program Files\curl-7.54.0-win64-mingw\bin;C:\Program Files (x86)\NVIDIA Corporation\PhysX\Common;C:\WINDOWS\system32;C:\WINDOWS;C:\WINDOWS\System32\Wbem;C:\WINDOWS\System32\WindowsPowerShell\v1.0\;C:\Program Files\Microsoft SQL Server\130\Tools\Binn\;C:\Program Files\dotnet\;C:\Program Files\Anaconda3;C:\Program Files\Anaconda3\Scripts;C:\Program Files\Anaconda3\Library\bin;C:\Program Files (x86)\GtkSharp\2.12\bin;D:\Android\android-ndk-r10e;D:\Android\apache-ant-1.10.1\bin;C:\Users\Administrator\AppData\Local\Microsoft\WindowsApps;C:\Users\Administrator\AppData\Roaming\npm;
USERNAME=Administrator
OS=Windows_NT
PROCESSOR_IDENTIFIER=Intel64 Family 6 Model 60 Stepping 3, GenuineIntel



---------------  S Y S T E M  ---------------

OS: Windows 8.1 , 64 bit Build 9600 

CPU:total 8 (4 cores per cpu, 2 threads per core) family 6 model 60 stepping 3, cmov, cx8, fxsr, mmx, sse, sse2, sse3, ssse3, sse4.1, sse4.2, popcnt, avx, avx2, aes, clmul, erms, ht, tsc, tscinvbit

Memory: 4k page, physical 8096224k(1133304k free), swap 24480224k(5128k free)

vm_info: Java HotSpot(TM) 64-Bit Server VM (25.11-b03) for windows-amd64 JRE (1.8.0_11-b12), built on Jun 16 2014 20:57:32 by "java_re" with MS VC++ 10.0 (VS2010)

time: Fri Dec 29 21:04:01 2017
elapsed time: 8 seconds

